c:\users\veron\source\repos\utilitydll\exampledll\release\utilitydll.pch
c:\users\veron\source\repos\utilitydll\exampledll\release\vc141.pdb
c:\users\veron\source\repos\utilitydll\exampledll\release\stdafx.obj
c:\users\veron\source\repos\utilitydll\exampledll\release\dllmain.obj
c:\users\veron\source\repos\utilitydll\exampledll\release\utilitydll.obj
c:\users\veron\xvrworkspace\myavrproject2019\utilitydll\exampledll\release\utilitydll.pch
c:\users\veron\xvrworkspace\myavrproject2019\utilitydll\exampledll\release\vc141.pdb
c:\users\veron\xvrworkspace\myavrproject2019\utilitydll\exampledll\release\stdafx.obj
c:\users\veron\xvrworkspace\myavrproject2019\utilitydll\exampledll\release\dllmain.obj
c:\users\veron\xvrworkspace\myavrproject2019\utilitydll\exampledll\release\utilitydll.obj
c:\users\veron\source\repos\utilitydll\release\utilitydll.dll
c:\users\veron\source\repos\utilitydll\release\utilitydll.pdb
c:\users\veron\source\repos\utilitydll\release\utilitydll.lib
c:\users\veron\source\repos\utilitydll\release\utilitydll.exp
c:\users\veron\source\repos\utilitydll\release\utilitydll.ipdb
c:\users\veron\source\repos\utilitydll\release\utilitydll.iobj
c:\users\veron\xvrworkspace\myavrproject2019\utilitydll\release\utilitydll.lib
c:\users\veron\xvrworkspace\myavrproject2019\utilitydll\release\utilitydll.exp
c:\users\veron\xvrworkspace\myavrproject2019\utilitydll\release\utilitydll.ipdb
c:\users\veron\xvrworkspace\myavrproject2019\utilitydll\release\utilitydll.iobj
c:\users\veron\xvrworkspace\myavrproject2019\utilitydll\release\utilitydll.pdb
c:\users\veron\xvrworkspace\myavrproject2019\utilitydll\release\utilitydll.dll
c:\users\veron\xvrworkspace\myavrproject2019\utilitydll\exampledll\release\utilitydll.tlog\cl.command.1.tlog
c:\users\veron\xvrworkspace\myavrproject2019\utilitydll\exampledll\release\utilitydll.tlog\cl.read.1.tlog
c:\users\veron\xvrworkspace\myavrproject2019\utilitydll\exampledll\release\utilitydll.tlog\cl.write.1.tlog
c:\users\veron\xvrworkspace\myavrproject2019\utilitydll\exampledll\release\utilitydll.tlog\link.command.1.tlog
c:\users\veron\xvrworkspace\myavrproject2019\utilitydll\exampledll\release\utilitydll.tlog\link.delete.1.tlog
c:\users\veron\xvrworkspace\myavrproject2019\utilitydll\exampledll\release\utilitydll.tlog\link.read.1.tlog
c:\users\veron\xvrworkspace\myavrproject2019\utilitydll\exampledll\release\utilitydll.tlog\link.write.1.tlog
c:\users\veron\xvrworkspace\myavrproject2019\utilitydll\exampledll\release\utilitydll.tlog\utilitydll.write.1u.tlog
